#
# A fatal error has been detected by the Java Runtime Environment:
#
#  EXCEPTION_ACCESS_VIOLATION (0xc0000005) at pc=0x000000005938c160, pid=11612, tid=12424
#
# JRE version: Java(TM) SE Runtime Environment (9.0+181) (build 9+181)
# Java VM: Java HotSpot(TM) 64-Bit Server VM (9+181, mixed mode, tiered, compressed oops, g1 gc, windows-amd64)
# Problematic frame:
# V  [jvm.dll+0x32c160]
#
# No core dump will be written. Minidumps are not enabled by default on client versions of Windows
#
# If you would like to submit a bug report, please visit:
#   http://bugreport.java.com/bugreport/crash.jsp
#

---------------  S U M M A R Y ------------

Command Line: -agentlib:jdwp=transport=dt_socket,address=127.0.0.1:57573,suspend=y,server=n -Dfile.encoding=UTF-8 dateprint.sec

Host: Intel(R) Core(TM) i5-3380M CPU @ 2.90GHz, 4 cores, 7G,  Windows 10 , 64 bit Build 16299 (10.0.16299.15)
Time: Wed Jan 03 21:32:37 2018 ?D1ú±ê×?ê±?? elapsed time: 387 seconds (0d 0h 6m 27s)

---------------  T H R E A D  ---------------

Current thread (0x00000236b499e800):  VMThread "VM Thread" [stack: 0x00000042f7c00000,0x00000042f7d00000] [id=12424]

Stack: [0x00000042f7c00000,0x00000042f7d00000],  sp=0x00000042f7cfe760,  free space=1017k
Native frames: (J=compiled Java code, j=interpreted, Vv=VM code, C=native code)
V  [jvm.dll+0x32c160]
V  [jvm.dll+0x327b08]
V  [jvm.dll+0x3423ef]
V  [jvm.dll+0x34560d]
V  [jvm.dll+0x296d00]
V  [jvm.dll+0x296df9]
V  [jvm.dll+0x2f8a21]
V  [jvm.dll+0x2f4dfa]
V  [jvm.dll+0x2f40b9]
V  [jvm.dll+0x2f3523]
V  [jvm.dll+0x5784cf]
V  [jvm.dll+0x5787dc]
V  [jvm.dll+0x578683]
V  [jvm.dll+0x578e7c]
V  [jvm.dll+0x54730a]
V  [jvm.dll+0x465551]
V  [jvm.dll+0x6a356b]
V  [jvm.dll+0x6a1d05]
V  [jvm.dll+0x6a24e1]
V  [jvm.dll+0x6a27cc]
V  [jvm.dll+0x586530]
C  [msvcr120.dll+0x24f7f]
C  [msvcr120.dll+0x25126]
C  [KERNEL32.DLL+0x11fe4]
C  [ntdll.dll+0x6ef91]


siginfo: EXCEPTION_ACCESS_VIOLATION (0xc0000005), reading address 0xffffffffffffffff


Register to memory mapping:

RIP=0x000000005938c160 jvm.dll
RAX=0x2826000179617272 is an unknown value
RBX=0x00000236b499e800 is an unknown value
RCX=0x00000001000016d0 is pointing into metadata
RDX=0x2826000179617272 is an unknown value
RSP=0x00000042f7cfe760 is an unknown value
RBP=0x0000000000000003 is an unknown value
RSI=0x00000042f7cfe820 is an unknown value
RDI=0x0000000000000000 is an unknown value
R8 =0x00000236b499e800 is an unknown value
R9 =0x2826000179617272 is an unknown value
R10=0x0000000000000068 is an unknown value
R11=0x0000000000000068 is an unknown value
R12=0x00000042f7cff010 is an unknown value
R13=0x00000000000003d8 is an unknown value
R14=0x0000000000000054 is an unknown value
R15=0x0000000000000001 is an unknown value


Registers:
RAX=0x2826000179617272, RBX=0x00000236b499e800, RCX=0x00000001000016d0, RDX=0x2826000179617272
RSP=0x00000042f7cfe760, RBP=0x0000000000000003, RSI=0x00000042f7cfe820, RDI=0x0000000000000000
R8 =0x00000236b499e800, R9 =0x2826000179617272, R10=0x0000000000000068, R11=0x0000000000000068
R12=0x00000042f7cff010, R13=0x00000000000003d8, R14=0x0000000000000054, R15=0x0000000000000001
RIP=0x000000005938c160, EFLAGS=0x0000000000010246

Top of Stack: (sp=0x00000042f7cfe760)
0x00000042f7cfe760:   00000001000016d0 000000005965fe1c
0x00000042f7cfe770:   00000000597fefc8 00000236b499e800
0x00000042f7cfe780:   0000000000000000 0000000059387b08
0x00000042f7cfe790:   00000001000016d0 00000236b499e800
0x00000042f7cfe7a0:   00000042f7cfe820 00000236b499e800
0x00000042f7cfe7b0:   00000042f7cfe890 00000000593a23ef
0x00000042f7cfe7c0:   00000236b499e800 00000000595d89f8
0x00000042f7cfe7d0:   ffffffffffffffff 00000042f7cfede0
0x00000042f7cfe7e0:   0000000000000000 00000236b4059070
0x00000042f7cfe7f0:   00000042f7cfe890 00000000593a560d
0x00000042f7cfe800:   000000004fffffff 00000042f7cfe9f0
0x00000042f7cfe810:   0000000000000054 00000000595d90e6
0x00000042f7cfe820:   0000000000000000 0000000000000000
0x00000042f7cfe830:   00000236b499e800 00000042f7cfe9f0
0x00000042f7cfe840:   0000000000000000 00000000592f6d00
0x00000042f7cfe850:   00000042f7cfe9e0 0000023600000001 

Instructions: (pc=0x000000005938c160)
0x000000005938c140:   8b d8 e8 f9 84 d8 ff 48 83 7b 08 00 4c 8b c8 74
0x000000005938c150:   04 33 ff eb 23 80 3d b9 08 63 00 00 74 05 33 ff
0x000000005938c160:   89 78 0c 48 8d 4d fe 48 8d 78 10 48 85 c9 74 05
0x000000005938c170:   33 c0 f3 48 ab 49 8b f9 48 83 7b 08 00 48 8b 74 


VM_Operation (0x00000042f86ff1f0): GetOrSetLocal, mode: safepoint, requested by thread 0x00000236b4c72800


---------------  P R O C E S S  ---------------

Java Threads: ( => current thread )
  0x00000236b4c89800 JavaThread "Service Thread" daemon [_thread_blocked, id=9516, stack(0x00000042f8900000,0x00000042f8a00000)]
  0x00000236b4c74000 JavaThread "JDWP Command Reader" daemon [_thread_in_native, id=13988, stack(0x00000042f8800000,0x00000042f8900000)]
  0x00000236b4c73800 JavaThread "JDWP Event Helper Thread" daemon [_thread_blocked, id=12260, stack(0x00000042f8700000,0x00000042f8800000)]
  0x00000236b4c72800 JavaThread "JDWP Transport Listener: dt_socket" daemon [_thread_blocked, id=3868, stack(0x00000042f8600000,0x00000042f8700000)]
  0x00000236b4aca800 JavaThread "Common-Cleaner" daemon [_thread_blocked, id=1248, stack(0x00000042f8500000,0x00000042f8600000)]
  0x00000236b4aa3800 JavaThread "Sweeper thread" daemon [_thread_blocked, id=1876, stack(0x00000042f8400000,0x00000042f8500000)]
  0x00000236b4a87000 JavaThread "C1 CompilerThread2" daemon [_thread_blocked, id=6088, stack(0x00000042f8300000,0x00000042f8400000)]
  0x00000236b4a80000 JavaThread "C2 CompilerThread1" daemon [_thread_blocked, id=12848, stack(0x00000042f8200000,0x00000042f8300000)]
  0x00000236b4a15800 JavaThread "C2 CompilerThread0" daemon [_thread_blocked, id=13828, stack(0x00000042f8100000,0x00000042f8200000)]
  0x00000236b4a12800 JavaThread "Attach Listener" daemon [_thread_blocked, id=15012, stack(0x00000042f8000000,0x00000042f8100000)]
  0x00000236b4a11800 JavaThread "Signal Dispatcher" daemon [_thread_blocked, id=14844, stack(0x00000042f7f00000,0x00000042f8000000)]
  0x00000236b49a6000 JavaThread "Finalizer" daemon [_thread_blocked, id=1020, stack(0x00000042f7e00000,0x00000042f7f00000)]
  0x00000236b49a3000 JavaThread "Reference Handler" daemon [_thread_blocked, id=13488, stack(0x00000042f7d00000,0x00000042f7e00000)]
  0x000002369146f000 JavaThread "main" [_thread_blocked, id=5176, stack(0x00000042f7000000,0x00000042f7100000)]

Other Threads:
=>0x00000236b499e800 VMThread "VM Thread" [stack: 0x00000042f7c00000,0x00000042f7d00000] [id=12424]
  0x00000236b4c8d800 WatcherThread [stack: 0x00000042f8a00000,0x00000042f8b00000] [id=8952]
  0x0000023691486800 GCTaskThread "GC Thread#0" [stack: 0x00000042f7100000,0x00000042f7200000] [id=8844]
  0x0000023691488000 GCTaskThread "GC Thread#1" [stack: 0x00000042f7200000,0x00000042f7300000] [id=3260]
  0x000002369148a000 GCTaskThread "GC Thread#2" [stack: 0x00000042f7300000,0x00000042f7400000] [id=7864]
  0x000002369148b800 GCTaskThread "GC Thread#3" [stack: 0x00000042f7400000,0x00000042f7500000] [id=2804]
  0x00000236914fc800 ConcurrentGCThread "G1 Main Marker" [stack: 0x00000042f7a00000,0x00000042f7b00000] [id=9680]
  0x0000023691500000 ConcurrentGCThread "G1 Marker#0" [stack: 0x00000042f7b00000,0x00000042f7c00000] [id=8956]
  0x0000023691495800 ConcurrentGCThread "G1 Refine#0" [stack: 0x00000042f7800000,0x00000042f7900000] [id=3472]
  0x0000023691494000 ConcurrentGCThread "G1 Refine#1" [stack: 0x00000042f7700000,0x00000042f7800000] [id=10236]
  0x0000023691491000 ConcurrentGCThread "G1 Refine#2" [stack: 0x00000042f7600000,0x00000042f7700000] [id=576]
  0x000002369148d800 ConcurrentGCThread "G1 Refine#3" [stack: 0x00000042f7500000,0x00000042f7600000] [id=9932]
  0x0000023691496800 ConcurrentGCThread "G1 Young RemSet Sampling" [stack: 0x00000042f7900000,0x00000042f7a00000] [id=5096]

Threads with active compile tasks:

VM state:at safepoint (normal execution)

VM Mutex/Monitor currently owned by a thread:  ([mutex/lock_event])
[0x000002369146e8d0] Threads_lock - owner thread: 0x00000236b499e800

Heap address: 0x0000000084a00000, size: 1974 MB, Compressed Oops mode: 32-bit
Narrow klass base: 0x0000000000000000, Narrow klass shift: 3
Compressed class space size: 1073741824 Address: 0x0000000100000000

Heap:
 garbage-first heap   total 126976K, used 3072K [0x0000000084a00000, 0x0000000084b003e0, 0x0000000100000000)
  region size 1024K, 4 young (4096K), 0 survivors (0K)
 Metaspace       used 6686K, capacity 6936K, committed 7040K, reserved 1056768K
  class space    used 578K, capacity 621K, committed 640K, reserved 1048576K
Heap Regions: E=young(eden), S=young(survivor), O=old, HS=humongous(starts), HC=humongous(continues), CS=collection set, F=free, A=archive, TS=gc time stamp, AC=allocation context, TAMS=top-at-mark-start (previous, next)
|   0|0x0000000084a00000, 0x0000000084a00000, 0x0000000084b00000|  0%| F|  |TS  0|AC  0|TAMS 0x0000000084a00000, 0x0000000084a00000|
|   1|0x0000000084b00000, 0x0000000084b00000, 0x0000000084c00000|  0%| F|  |TS  0|AC  0|TAMS 0x0000000084b00000, 0x0000000084b00000|
|   2|0x0000000084c00000, 0x0000000084c00000, 0x0000000084d00000|  0%| F|  |TS  0|AC  0|TAMS 0x0000000084c00000, 0x0000000084c00000|
|   3|0x0000000084d00000, 0x0000000084d00000, 0x0000000084e00000|  0%| F|  |TS  0|AC  0|TAMS 0x0000000084d00000, 0x0000000084d00000|
|   4|0x0000000084e00000, 0x0000000084e00000, 0x0000000084f00000|  0%| F|  |TS  0|AC  0|TAMS 0x0000000084e00000, 0x0000000084e00000|
|   5|0x0000000084f00000, 0x0000000084f00000, 0x0000000085000000|  0%| F|  |TS  0|AC  0|TAMS 0x0000000084f00000, 0x0000000084f00000|
|   6|0x0000000085000000, 0x0000000085000000, 0x0000000085100000|  0%| F|  |TS  0|AC  0|TAMS 0x0000000085000000, 0x0000000085000000|
|   7|0x0000000085100000, 0x0000000085100000, 0x0000000085200000|  0%| F|  |TS  0|AC  0|TAMS 0x0000000085100000, 0x0000000085100000|
|   8|0x0000000085200000, 0x0000000085200000, 0x0000000085300000|  0%| F|  |TS  0|AC  0|TAMS 0x0000000085200000, 0x0000000085200000|
|   9|0x0000000085300000, 0x0000000085300000, 0x0000000085400000|  0%| F|  |TS  0|AC  0|TAMS 0x0000000085300000, 0x0000000085300000|
|  10|0x0000000085400000, 0x0000000085400000, 0x0000000085500000|  0%| F|  |TS  0|AC  0|TAMS 0x0000000085400000, 0x0000000085400000|
|  11|0x0000000085500000, 0x0000000085500000, 0x0000000085600000|  0%| F|  |TS  0|AC  0|TAMS 0x0000000085500000, 0x0000000085500000|
|  12|0x0000000085600000, 0x0000000085600000, 0x0000000085700000|  0%| F|  |TS  0|AC  0|TAMS 0x0000000085600000, 0x0000000085600000|
|  13|0x0000000085700000, 0x0000000085700000, 0x0000000085800000|  0%| F|  |TS  0|AC  0|TAMS 0x0000000085700000, 0x0000000085700000|
|  14|0x0000000085800000, 0x0000000085800000, 0x0000000085900000|  0%| F|  |TS  0|AC  0|TAMS 0x0000000085800000, 0x0000000085800000|
|  15|0x0000000085900000, 0x0000000085900000, 0x0000000085a00000|  0%| F|  |TS  0|AC  0|TAMS 0x0000000085900000, 0x0000000085900000|
|  16|0x0000000085a00000, 0x0000000085a00000, 0x0000000085b00000|  0%| F|  |TS  0|AC  0|TAMS 0x0000000085a00000, 0x0000000085a00000|
|  17|0x0000000085b00000, 0x0000000085b00000, 0x0000000085c00000|  0%| F|  |TS  0|AC  0|TAMS 0x0000000085b00000, 0x0000000085b00000|
|  18|0x0000000085c00000, 0x0000000085c00000, 0x0000000085d00000|  0%| F|  |TS  0|AC  0|TAMS 0x0000000085c00000, 0x0000000085c00000|
|  19|0x0000000085d00000, 0x0000000085d00000, 0x0000000085e00000|  0%| F|  |TS  0|AC  0|TAMS 0x0000000085d00000, 0x0000000085d00000|
|  20|0x0000000085e00000, 0x0000000085e00000, 0x0000000085f00000|  0%| F|  |TS  0|AC  0|TAMS 0x0000000085e00000, 0x0000000085e00000|
|  21|0x0000000085f00000, 0x0000000085f00000, 0x0000000086000000|  0%| F|  |TS  0|AC  0|TAMS 0x0000000085f00000, 0x0000000085f00000|
|  22|0x0000000086000000, 0x0000000086000000, 0x0000000086100000|  0%| F|  |TS  0|AC  0|TAMS 0x0000000086000000, 0x0000000086000000|
|  23|0x0000000086100000, 0x0000000086100000, 0x0000000086200000|  0%| F|  |TS  0|AC  0|TAMS 0x0000000086100000, 0x0000000086100000|
|  24|0x0000000086200000, 0x0000000086200000, 0x0000000086300000|  0%| F|  |TS  0|AC  0|TAMS 0x0000000086200000, 0x0000000086200000|
|  25|0x0000000086300000, 0x0000000086300000, 0x0000000086400000|  0%| F|  |TS  0|AC  0|TAMS 0x0000000086300000, 0x0000000086300000|
|  26|0x0000000086400000, 0x0000000086400000, 0x0000000086500000|  0%| F|  |TS  0|AC  0|TAMS 0x0000000086400000, 0x0000000086400000|
|  27|0x0000000086500000, 0x0000000086500000, 0x0000000086600000|  0%| F|  |TS  0|AC  0|TAMS 0x0000000086500000, 0x0000000086500000|
|  28|0x0000000086600000, 0x0000000086600000, 0x0000000086700000|  0%| F|  |TS  0|AC  0|TAMS 0x0000000086600000, 0x0000000086600000|
|  29|0x0000000086700000, 0x0000000086700000, 0x0000000086800000|  0%| F|  |TS  0|AC  0|TAMS 0x0000000086700000, 0x0000000086700000|
|  30|0x0000000086800000, 0x0000000086800000, 0x0000000086900000|  0%| F|  |TS  0|AC  0|TAMS 0x0000000086800000, 0x0000000086800000|
|  31|0x0000000086900000, 0x0000000086900000, 0x0000000086a00000|  0%| F|  |TS  0|AC  0|TAMS 0x0000000086900000, 0x0000000086900000|
|  32|0x0000000086a00000, 0x0000000086a00000, 0x0000000086b00000|  0%| F|  |TS  0|AC  0|TAMS 0x0000000086a00000, 0x0000000086a00000|
|  33|0x0000000086b00000, 0x0000000086b00000, 0x0000000086c00000|  0%| F|  |TS  0|AC  0|TAMS 0x0000000086b00000, 0x0000000086b00000|
|  34|0x0000000086c00000, 0x0000000086c00000, 0x0000000086d00000|  0%| F|  |TS  0|AC  0|TAMS 0x0000000086c00000, 0x0000000086c00000|
|  35|0x0000000086d00000, 0x0000000086d00000, 0x0000000086e00000|  0%| F|  |TS  0|AC  0|TAMS 0x0000000086d00000, 0x0000000086d00000|
|  36|0x0000000086e00000, 0x0000000086e00000, 0x0000000086f00000|  0%| F|  |TS  0|AC  0|TAMS 0x0000000086e00000, 0x0000000086e00000|
|  37|0x0000000086f00000, 0x0000000086f00000, 0x0000000087000000|  0%| F|  |TS  0|AC  0|TAMS 0x0000000086f00000, 0x0000000086f00000|
|  38|0x0000000087000000, 0x0000000087000000, 0x0000000087100000|  0%| F|  |TS  0|AC  0|TAMS 0x0000000087000000, 0x0000000087000000|
|  39|0x0000000087100000, 0x0000000087100000, 0x0000000087200000|  0%| F|  |TS  0|AC  0|TAMS 0x0000000087100000, 0x0000000087100000|
|  40|0x0000000087200000, 0x0000000087200000, 0x0000000087300000|  0%| F|  |TS  0|AC  0|TAMS 0x0000000087200000, 0x0000000087200000|
|  41|0x0000000087300000, 0x0000000087300000, 0x0000000087400000|  0%| F|  |TS  0|AC  0|TAMS 0x0000000087300000, 0x0000000087300000|
|  42|0x0000000087400000, 0x0000000087400000, 0x0000000087500000|  0%| F|  |TS  0|AC  0|TAMS 0x0000000087400000, 0x0000000087400000|
|  43|0x0000000087500000, 0x0000000087500000, 0x0000000087600000|  0%| F|  |TS  0|AC  0|TAMS 0x0000000087500000, 0x0000000087500000|
|  44|0x0000000087600000, 0x0000000087600000, 0x0000000087700000|  0%| F|  |TS  0|AC  0|TAMS 0x0000000087600000, 0x0000000087600000|
|  45|0x0000000087700000, 0x0000000087700000, 0x0000000087800000|  0%| F|  |TS  0|AC  0|TAMS 0x0000000087700000, 0x0000000087700000|
|  46|0x0000000087800000, 0x0000000087800000, 0x0000000087900000|  0%| F|  |TS  0|AC  0|TAMS 0x0000000087800000, 0x0000000087800000|
|  47|0x0000000087900000, 0x0000000087900000, 0x0000000087a00000|  0%| F|  |TS  0|AC  0|TAMS 0x0000000087900000, 0x0000000087900000|
|  48|0x0000000087a00000, 0x0000000087a00000, 0x0000000087b00000|  0%| F|  |TS  0|AC  0|TAMS 0x0000000087a00000, 0x0000000087a00000|
|  49|0x0000000087b00000, 0x0000000087b00000, 0x0000000087c00000|  0%| F|  |TS  0|AC  0|TAMS 0x0000000087b00000, 0x0000000087b00000|
|  50|0x0000000087c00000, 0x0000000087c00000, 0x0000000087d00000|  0%| F|  |TS  0|AC  0|TAMS 0x0000000087c00000, 0x0000000087c00000|
|  51|0x0000000087d00000, 0x0000000087d00000, 0x0000000087e00000|  0%| F|  |TS  0|AC  0|TAMS 0x0000000087d00000, 0x0000000087d00000|
|  52|0x0000000087e00000, 0x0000000087e00000, 0x0000000087f00000|  0%| F|  |TS  0|AC  0|TAMS 0x0000000087e00000, 0x0000000087e00000|
|  53|0x0000000087f00000, 0x0000000087f00000, 0x0000000088000000|  0%| F|  |TS  0|AC  0|TAMS 0x0000000087f00000, 0x0000000087f00000|
|  54|0x0000000088000000, 0x0000000088000000, 0x0000000088100000|  0%| F|  |TS  0|AC  0|TAMS 0x0000000088000000, 0x0000000088000000|
|  55|0x0000000088100000, 0x0000000088100000, 0x0000000088200000|  0%| F|  |TS  0|AC  0|TAMS 0x0000000088100000, 0x0000000088100000|
|  56|0x0000000088200000, 0x0000000088200000, 0x0000000088300000|  0%| F|  |TS  0|AC  0|TAMS 0x0000000088200000, 0x0000000088200000|
|  57|0x0000000088300000, 0x0000000088300000, 0x0000000088400000|  0%| F|  |TS  0|AC  0|TAMS 0x0000000088300000, 0x0000000088300000|
|  58|0x0000000088400000, 0x0000000088400000, 0x0000000088500000|  0%| F|  |TS  0|AC  0|TAMS 0x0000000088400000, 0x0000000088400000|
|  59|0x0000000088500000, 0x0000000088500000, 0x0000000088600000|  0%| F|  |TS  0|AC  0|TAMS 0x0000000088500000, 0x0000000088500000|
|  60|0x0000000088600000, 0x0000000088600000, 0x0000000088700000|  0%| F|  |TS  0|AC  0|TAMS 0x0000000088600000, 0x0000000088600000|
|  61|0x0000000088700000, 0x0000000088700000, 0x0000000088800000|  0%| F|  |TS  0|AC  0|TAMS 0x0000000088700000, 0x0000000088700000|
|  62|0x0000000088800000, 0x0000000088800000, 0x0000000088900000|  0%| F|  |TS  0|AC  0|TAMS 0x0000000088800000, 0x0000000088800000|
|  63|0x0000000088900000, 0x0000000088900000, 0x0000000088a00000|  0%| F|  |TS  0|AC  0|TAMS 0x0000000088900000, 0x0000000088900000|
|  64|0x0000000088a00000, 0x0000000088a00000, 0x0000000088b00000|  0%| F|  |TS  0|AC  0|TAMS 0x0000000088a00000, 0x0000000088a00000|
|  65|0x0000000088b00000, 0x0000000088b00000, 0x0000000088c00000|  0%| F|  |TS  0|AC  0|TAMS 0x0000000088b00000, 0x0000000088b00000|
|  66|0x0000000088c00000, 0x0000000088c00000, 0x0000000088d00000|  0%| F|  |TS  0|AC  0|TAMS 0x0000000088c00000, 0x0000000088c00000|
|  67|0x0000000088d00000, 0x0000000088d00000, 0x0000000088e00000|  0%| F|  |TS  0|AC  0|TAMS 0x0000000088d00000, 0x0000000088d00000|
|  68|0x0000000088e00000, 0x0000000088e00000, 0x0000000088f00000|  0%| F|  |TS  0|AC  0|TAMS 0x0000000088e00000, 0x0000000088e00000|
|  69|0x0000000088f00000, 0x0000000088f00000, 0x0000000089000000|  0%| F|  |TS  0|AC  0|TAMS 0x0000000088f00000, 0x0000000088f00000|
|  70|0x0000000089000000, 0x0000000089000000, 0x0000000089100000|  0%| F|  |TS  0|AC  0|TAMS 0x0000000089000000, 0x0000000089000000|
|  71|0x0000000089100000, 0x0000000089100000, 0x0000000089200000|  0%| F|  |TS  0|AC  0|TAMS 0x0000000089100000, 0x0000000089100000|
|  72|0x0000000089200000, 0x0000000089200000, 0x0000000089300000|  0%| F|  |TS  0|AC  0|TAMS 0x0000000089200000, 0x0000000089200000|
|  73|0x0000000089300000, 0x0000000089300000, 0x0000000089400000|  0%| F|  |TS  0|AC  0|TAMS 0x0000000089300000, 0x0000000089300000|
|  74|0x0000000089400000, 0x0000000089400000, 0x0000000089500000|  0%| F|  |TS  0|AC  0|TAMS 0x0000000089400000, 0x0000000089400000|
|  75|0x0000000089500000, 0x0000000089500000, 0x0000000089600000|  0%| F|  |TS  0|AC  0|TAMS 0x0000000089500000, 0x0000000089500000|
|  76|0x0000000089600000, 0x0000000089600000, 0x0000000089700000|  0%| F|  |TS  0|AC  0|TAMS 0x0000000089600000, 0x0000000089600000|
|  77|0x0000000089700000, 0x0000000089700000, 0x0000000089800000|  0%| F|  |TS  0|AC  0|TAMS 0x0000000089700000, 0x0000000089700000|
|  78|0x0000000089800000, 0x0000000089800000, 0x0000000089900000|  0%| F|  |TS  0|AC  0|TAMS 0x0000000089800000, 0x0000000089800000|
|  79|0x0000000089900000, 0x0000000089900000, 0x0000000089a00000|  0%| F|  |TS  0|AC  0|TAMS 0x0000000089900000, 0x0000000089900000|
|  80|0x0000000089a00000, 0x0000000089a00000, 0x0000000089b00000|  0%| F|  |TS  0|AC  0|TAMS 0x0000000089a00000, 0x0000000089a00000|
|  81|0x0000000089b00000, 0x0000000089b00000, 0x0000000089c00000|  0%| F|  |TS  0|AC  0|TAMS 0x0000000089b00000, 0x0000000089b00000|
|  82|0x0000000089c00000, 0x0000000089c00000, 0x0000000089d00000|  0%| F|  |TS  0|AC  0|TAMS 0x0000000089c00000, 0x0000000089c00000|
|  83|0x0000000089d00000, 0x0000000089d00000, 0x0000000089e00000|  0%| F|  |TS  0|AC  0|TAMS 0x0000000089d00000, 0x0000000089d00000|
|  84|0x0000000089e00000, 0x0000000089e00000, 0x0000000089f00000|  0%| F|  |TS  0|AC  0|TAMS 0x0000000089e00000, 0x0000000089e00000|
|  85|0x0000000089f00000, 0x0000000089f00000, 0x000000008a000000|  0%| F|  |TS  0|AC  0|TAMS 0x0000000089f00000, 0x0000000089f00000|
|  86|0x000000008a000000, 0x000000008a000000, 0x000000008a100000|  0%| F|  |TS  0|AC  0|TAMS 0x000000008a000000, 0x000000008a000000|
|  87|0x000000008a100000, 0x000000008a100000, 0x000000008a200000|  0%| F|  |TS  0|AC  0|TAMS 0x000000008a100000, 0x000000008a100000|
|  88|0x000000008a200000, 0x000000008a200000, 0x000000008a300000|  0%| F|  |TS  0|AC  0|TAMS 0x000000008a200000, 0x000000008a200000|
|  89|0x000000008a300000, 0x000000008a300000, 0x000000008a400000|  0%| F|  |TS  0|AC  0|TAMS 0x000000008a300000, 0x000000008a300000|
|  90|0x000000008a400000, 0x000000008a400000, 0x000000008a500000|  0%| F|  |TS  0|AC  0|TAMS 0x000000008a400000, 0x000000008a400000|
|  91|0x000000008a500000, 0x000000008a500000, 0x000000008a600000|  0%| F|  |TS  0|AC  0|TAMS 0x000000008a500000, 0x000000008a500000|
|  92|0x000000008a600000, 0x000000008a600000, 0x000000008a700000|  0%| F|  |TS  0|AC  0|TAMS 0x000000008a600000, 0x000000008a600000|
|  93|0x000000008a700000, 0x000000008a700000, 0x000000008a800000|  0%| F|  |TS  0|AC  0|TAMS 0x000000008a700000, 0x000000008a700000|
|  94|0x000000008a800000, 0x000000008a800000, 0x000000008a900000|  0%| F|  |TS  0|AC  0|TAMS 0x000000008a800000, 0x000000008a800000|
|  95|0x000000008a900000, 0x000000008a900000, 0x000000008aa00000|  0%| F|  |TS  0|AC  0|TAMS 0x000000008a900000, 0x000000008a900000|
|  96|0x000000008aa00000, 0x000000008aa00000, 0x000000008ab00000|  0%| F|  |TS  0|AC  0|TAMS 0x000000008aa00000, 0x000000008aa00000|
|  97|0x000000008ab00000, 0x000000008ab00000, 0x000000008ac00000|  0%| F|  |TS  0|AC  0|TAMS 0x000000008ab00000, 0x000000008ab00000|
|  98|0x000000008ac00000, 0x000000008ac00000, 0x000000008ad00000|  0%| F|  |TS  0|AC  0|TAMS 0x000000008ac00000, 0x000000008ac00000|
|  99|0x000000008ad00000, 0x000000008ad00000, 0x000000008ae00000|  0%| F|  |TS  0|AC  0|TAMS 0x000000008ad00000, 0x000000008ad00000|
| 100|0x000000008ae00000, 0x000000008ae00000, 0x000000008af00000|  0%| F|  |TS  0|AC  0|TAMS 0x000000008ae00000, 0x000000008ae00000|
| 101|0x000000008af00000, 0x000000008af00000, 0x000000008b000000|  0%| F|  |TS  0|AC  0|TAMS 0x000000008af00000, 0x000000008af00000|
| 102|0x000000008b000000, 0x000000008b000000, 0x000000008b100000|  0%| F|  |TS  0|AC  0|TAMS 0x000000008b000000, 0x000000008b000000|
| 103|0x000000008b100000, 0x000000008b100000, 0x000000008b200000|  0%| F|  |TS  0|AC  0|TAMS 0x000000008b100000, 0x000000008b100000|
| 104|0x000000008b200000, 0x000000008b200000, 0x000000008b300000|  0%| F|  |TS  0|AC  0|TAMS 0x000000008b200000, 0x000000008b200000|
| 105|0x000000008b300000, 0x000000008b300000, 0x000000008b400000|  0%| F|  |TS  0|AC  0|TAMS 0x000000008b300000, 0x000000008b300000|
| 106|0x000000008b400000, 0x000000008b400000, 0x000000008b500000|  0%| F|  |TS  0|AC  0|TAMS 0x000000008b400000, 0x000000008b400000|
| 107|0x000000008b500000, 0x000000008b500000, 0x000000008b600000|  0%| F|  |TS  0|AC  0|TAMS 0x000000008b500000, 0x000000008b500000|
| 108|0x000000008b600000, 0x000000008b600000, 0x000000008b700000|  0%| F|  |TS  0|AC  0|TAMS 0x000000008b600000, 0x000000008b600000|
| 109|0x000000008b700000, 0x000000008b700000, 0x000000008b800000|  0%| F|  |TS  0|AC  0|TAMS 0x000000008b700000, 0x000000008b700000|
| 110|0x000000008b800000, 0x000000008b800000, 0x000000008b900000|  0%| F|  |TS  0|AC  0|TAMS 0x000000008b800000, 0x000000008b800000|
| 111|0x000000008b900000, 0x000000008b900000, 0x000000008ba00000|  0%| F|  |TS  0|AC  0|TAMS 0x000000008b900000, 0x000000008b900000|
| 112|0x000000008ba00000, 0x000000008ba00000, 0x000000008bb00000|  0%| F|  |TS  0|AC  0|TAMS 0x000000008ba00000, 0x000000008ba00000|
| 113|0x000000008bb00000, 0x000000008bb00000, 0x000000008bc00000|  0%| F|  |TS  0|AC  0|TAMS 0x000000008bb00000, 0x000000008bb00000|
| 114|0x000000008bc00000, 0x000000008bc00000, 0x000000008bd00000|  0%| F|  |TS  0|AC  0|TAMS 0x000000008bc00000, 0x000000008bc00000|
| 115|0x000000008bd00000, 0x000000008bd00000, 0x000000008be00000|  0%| F|  |TS  0|AC  0|TAMS 0x000000008bd00000, 0x000000008bd00000|
| 116|0x000000008be00000, 0x000000008be00000, 0x000000008bf00000|  0%| F|  |TS  0|AC  0|TAMS 0x000000008be00000, 0x000000008be00000|
| 117|0x000000008bf00000, 0x000000008bf00000, 0x000000008c000000|  0%| F|  |TS  0|AC  0|TAMS 0x000000008bf00000, 0x000000008bf00000|
| 118|0x000000008c000000, 0x000000008c000000, 0x000000008c100000|  0%| F|  |TS  0|AC  0|TAMS 0x000000008c000000, 0x000000008c000000|
| 119|0x000000008c100000, 0x000000008c100000, 0x000000008c200000|  0%| F|  |TS  0|AC  0|TAMS 0x000000008c100000, 0x000000008c100000|
| 120|0x000000008c200000, 0x000000008c28fe08, 0x000000008c300000| 56%| E|  |TS  0|AC  0|TAMS 0x000000008c200000, 0x000000008c200000|
| 121|0x000000008c300000, 0x000000008c400000, 0x000000008c400000|100%| E|CS|TS  0|AC  0|TAMS 0x000000008c300000, 0x000000008c300000|
| 122|0x000000008c400000, 0x000000008c500000, 0x000000008c500000|100%| E|CS|TS  0|AC  0|TAMS 0x000000008c400000, 0x000000008c400000|
| 123|0x000000008c500000, 0x000000008c600000, 0x000000008c600000|100%| E|CS|TS  0|AC  0|TAMS 0x000000008c500000, 0x000000008c500000|

Card table byte_map: [0x00000236ad590000,0x00000236ad970000] byte_map_base: 0x00000236ad16b000

Marking Bits (Prev, Next): (CMBitMap*) 0x00000236914fbe10, (CMBitMap*) 0x00000236914fbe48
 Prev Bits: [0x00000236add50000, 0x00000236afc28000)
 Next Bits: [0x00000236afc30000, 0x00000236b1b08000)

Polling page: 0x000002368f2b0000

CodeHeap 'non-profiled nmethods': size=120064Kb used=102Kb max_used=102Kb free=119961Kb
 bounds [0x00000236a5270000, 0x00000236a54e0000, 0x00000236ac7b0000]
CodeHeap 'profiled nmethods': size=120000Kb used=546Kb max_used=546Kb free=119453Kb
 bounds [0x000002369dd40000, 0x000002369dfb0000, 0x00000236a5270000]
CodeHeap 'non-nmethods': size=5696Kb used=1187Kb max_used=1198Kb free=4508Kb
 bounds [0x000002369d7b0000, 0x000002369da20000, 0x000002369dd40000]
 total_blobs=755 nmethods=356 adapters=240
 compilation: enabled

Compilation events (10 events):
Event: 7.983 Thread 0x00000236b4a87000  349       3       sun.util.locale.InternalLocaleBuilder::clearExtensions (50 bytes)
Event: 7.983 Thread 0x00000236b4a87000 nmethod 349 0x000002369ddc7710 code [0x000002369ddc7900, 0x000002369ddc7d70]
Event: 7.983 Thread 0x00000236b4a87000  350       3       sun.util.locale.LocaleUtils::isEmpty (19 bytes)
Event: 7.983 Thread 0x00000236b4a87000 nmethod 350 0x000002369ddc7e90 code [0x000002369ddc8040, 0x000002369ddc82d0]
Event: 7.983 Thread 0x00000236b4a87000  338       1       sun.util.locale.BaseLocale$Key::access$400 (5 bytes)
Event: 7.983 Thread 0x00000236b4a87000 nmethod 338 0x00000236a5289390 code [0x00000236a5289540, 0x00000236a5289638]
Event: 7.983 Thread 0x00000236b4a87000  355       3       java.util.Locale::getInstance (22 bytes)
Event: 7.984 Thread 0x00000236b4a87000 nmethod 355 0x000002369ddc8390 code [0x000002369ddc8560, 0x000002369ddc8940]
Event: 7.984 Thread 0x00000236b4a87000  356       1       java.nio.Buffer::limit (5 bytes)
Event: 7.984 Thread 0x00000236b4a87000 nmethod 356 0x00000236a5289710 code [0x00000236a52898c0, 0x00000236a52899d8]

GC Heap History (0 events):
No events

Deoptimization events (1 events):
Event: 0.299 Thread 0x000002369146f000 Uncommon trap: reason=unstable_if action=reinterpret pc=0x00000236a5274d08 method=java.lang.String.hashCode()I @ 22 c2

Classes redefined (6 events):
Event: 87.885 Thread 0x00000236b499e800 redefined class name=dateprint.CalendarList, count=1
Event: 87.885 Thread 0x00000236b499e800 redefined class name=dateprint.sec, count=1
Event: 180.954 Thread 0x00000236b499e800 redefined class name=dateprint.CalendarList, count=2
Event: 180.954 Thread 0x00000236b499e800 redefined class name=dateprint.sec, count=2
Event: 387.805 Thread 0x00000236b499e800 redefined class name=dateprint.CalendarList, count=3
Event: 387.805 Thread 0x00000236b499e800 redefined class name=dateprint.sec, count=3

Internal exceptions (2 events):
Event: 0.397 Thread 0x000002369146f000 Exception <a 'java/lang/NoSuchMethodError'{0x000000008c333678}: java.lang.Object.lambda$negate$3(I)Z> (0x000000008c333678) thrown at [c:/workspace/9-2-build-windows-amd64-cygwin-phase2/jdk9/6725/hotspot/src/share/vm/interpreter/linkResolver.cpp, line 731]
Event: 0.399 Thread 0x000002369146f000 Exception <a 'java/lang/NoSuchMethodError'{0x000000008c336ac8}: java.lang.Object.lambda$and$0(Ljava/util/regex/Pattern$CharPredicate;I)Z> (0x000000008c336ac8) thrown at [c:/workspace/9-2-build-windows-amd64-cygwin-phase2/jdk9/6725/hotspot/src/share/vm/int

Events (10 events):
Event: 387.807 Executing VM operation: RedefineClasses done
Event: 387.809 Executing VM operation: GetFrameCount
Event: 387.809 Executing VM operation: GetFrameCount done
Event: 387.810 Executing VM operation: GetFrameCount
Event: 387.810 Executing VM operation: GetFrameCount done
Event: 387.810 Executing VM operation: GetFrameLocation
Event: 387.810 Executing VM operation: GetFrameLocation done
Event: 387.810 Executing VM operation: GetFrameLocation
Event: 387.810 Executing VM operation: GetFrameLocation done
Event: 387.810 Executing VM operation: GetOrSetLocal


Dynamic libraries:
0x00007ff6bacb0000 - 0x00007ff6bacee000 	C:\Program Files\Java\jdk-9\bin\java.exe
0x00007ffaf96e0000 - 0x00007ffaf98c0000 	C:\WINDOWS\SYSTEM32\ntdll.dll
0x00007ffaf9480000 - 0x00007ffaf952e000 	C:\WINDOWS\System32\KERNEL32.DLL
0x00007ffaf5f50000 - 0x00007ffaf61b6000 	C:\WINDOWS\System32\KERNELBASE.dll
0x00007ffaf6c50000 - 0x00007ffaf6cf1000 	C:\WINDOWS\System32\ADVAPI32.dll
0x00007ffaf8c50000 - 0x00007ffaf8ced000 	C:\WINDOWS\System32\msvcrt.dll
0x00007ffaf93f0000 - 0x00007ffaf944b000 	C:\WINDOWS\System32\sechost.dll
0x00007ffaf9010000 - 0x00007ffaf912f000 	C:\WINDOWS\System32\RPCRT4.dll
0x00007ffaf9130000 - 0x00007ffaf92bf000 	C:\WINDOWS\System32\USER32.dll
0x00007ffaf5ae0000 - 0x00007ffaf5b00000 	C:\WINDOWS\System32\win32u.dll
0x00007ffaf9450000 - 0x00007ffaf9478000 	C:\WINDOWS\System32\GDI32.dll
0x00007ffaf6910000 - 0x00007ffaf6aa3000 	C:\WINDOWS\System32\gdi32full.dll
0x00007ffaf5cd0000 - 0x00007ffaf5d6b000 	C:\WINDOWS\System32\msvcp_win.dll
0x00007ffaf6ab0000 - 0x00007ffaf6ba6000 	C:\WINDOWS\System32\ucrtbase.dll
0x00007ffae5ba0000 - 0x00007ffae5e09000 	C:\WINDOWS\WinSxS\amd64_microsoft.windows.common-controls_6595b64144ccf1df_6.0.16299.125_none_15cbcf8893620c09\COMCTL32.dll
0x00007ffaf6d00000 - 0x00007ffaf7008000 	C:\WINDOWS\System32\combase.dll
0x00007ffae6f80000 - 0x00007ffae6f8a000 	C:\WINDOWS\SYSTEM32\VERSION.dll
0x00007ffaf5ed0000 - 0x00007ffaf5f42000 	C:\WINDOWS\System32\bcryptPrimitives.dll
0x00007ffaf7740000 - 0x00007ffaf776d000 	C:\WINDOWS\System32\IMM32.DLL
0x00007ffae84b0000 - 0x00007ffae859f000 	C:\Program Files\Java\jdk-9\bin\msvcr120.dll
0x00007ffae8400000 - 0x00007ffae84a6000 	C:\Program Files\Java\jdk-9\bin\msvcp120.dll
0x0000000059060000 - 0x0000000059a8a000 	C:\Program Files\Java\jdk-9\bin\server\jvm.dll
0x00007ffaf9590000 - 0x00007ffaf9598000 	C:\WINDOWS\System32\PSAPI.DLL
0x00007ffaf2820000 - 0x00007ffaf2829000 	C:\WINDOWS\SYSTEM32\WSOCK32.dll
0x00007ffaf76d0000 - 0x00007ffaf773c000 	C:\WINDOWS\System32\WS2_32.dll
0x00007ffaf1b90000 - 0x00007ffaf1bb3000 	C:\WINDOWS\SYSTEM32\WINMM.dll
0x00007ffaf1b60000 - 0x00007ffaf1b8a000 	C:\WINDOWS\SYSTEM32\winmmbase.dll
0x00007ffaf5d70000 - 0x00007ffaf5dba000 	C:\WINDOWS\System32\cfgmgr32.dll
0x00007ffaf2830000 - 0x00007ffaf283f000 	C:\Program Files\Java\jdk-9\bin\verify.dll
0x00007ffaf0f40000 - 0x00007ffaf0f67000 	C:\Program Files\Java\jdk-9\bin\java.dll
0x00007ffaeb890000 - 0x00007ffaeb8c6000 	C:\Program Files\Java\jdk-9\bin\jdwp.dll
0x00007ffaf0f20000 - 0x00007ffaf0f36000 	C:\Program Files\Java\jdk-9\bin\zip.dll
0x00007ffaf0f10000 - 0x00007ffaf0f1a000 	C:\Program Files\Java\jdk-9\bin\jimage.dll
0x00007ffaf77f0000 - 0x00007ffaf8c26000 	C:\WINDOWS\System32\SHELL32.dll
0x00007ffaf74d0000 - 0x00007ffaf7576000 	C:\WINDOWS\System32\shcore.dll
0x00007ffaf61c0000 - 0x00007ffaf6907000 	C:\WINDOWS\System32\windows.storage.dll
0x00007ffaf7470000 - 0x00007ffaf74c1000 	C:\WINDOWS\System32\shlwapi.dll
0x00007ffaf5aa0000 - 0x00007ffaf5ab1000 	C:\WINDOWS\System32\kernel.appcore.dll
0x00007ffaf5a50000 - 0x00007ffaf5a9c000 	C:\WINDOWS\System32\powrprof.dll
0x00007ffaf5ac0000 - 0x00007ffaf5adb000 	C:\WINDOWS\System32\profapi.dll
0x00007ffaf0a40000 - 0x00007ffaf0a5a000 	C:\Program Files\Java\jdk-9\bin\net.dll
0x00007ffaf1120000 - 0x00007ffaf11fe000 	C:\WINDOWS\SYSTEM32\WINHTTP.dll
0x00007ffaf5290000 - 0x00007ffaf52f6000 	C:\WINDOWS\system32\mswsock.dll
0x00007ffaf09f0000 - 0x00007ffaf0a01000 	C:\Program Files\Java\jdk-9\bin\nio.dll
0x00007ffaee340000 - 0x00007ffaee34a000 	C:\Program Files\Java\jdk-9\bin\dt_socket.dll
0x00007ffae6db0000 - 0x00007ffae6f78000 	C:\WINDOWS\SYSTEM32\dbghelp.dll

VM Arguments:
jvm_args: -agentlib:jdwp=transport=dt_socket,address=127.0.0.1:57573,suspend=y,server=n -Dfile.encoding=UTF-8 
java_command: dateprint.sec
java_class_path (initial): E:\程序\Java homework\out\production\Java homework;E:\软件\IDEA\IntelliJ IDEA 2017.3\lib\idea_rt.jar
Launcher Type: SUN_STANDARD

Logging:
Log output configuration:
#0: stdout all=warning uptime,level,tags
#1: stderr all=off uptime,level,tags

Environment Variables:
PATH=C:\Program Files\Microsoft MPI\Bin\;C:\ProgramData\Oracle\Java\javapath;C:\Program Files (x86)\Common Files\Intel\Shared Files\cpp\bin\Intel64;E:\软件\Python\3.5.1 x64;E;\软件\Python\2.7.11;S;ripts;C:\WINDOWS\system32;C:\WINDOWS;C:\WINDOWS\System32\Wbem;C:\WINDOWS\System32\WindowsPowerShell\v1.0\;C:\Program Files (x86)\Microsoft SQL Server\100\Tools\Binn\;C:\Program Files\Microsoft SQL Server\100\Tools\Binn\;C:\Program Files\Microsoft SQL Server\100\DTS\Binn\;E:\软件\QuickTime\QTSystem\;C;\Program Files\Common Files\Autodesk Shared\;C:\Program Files (x86)\Autodesk\Backburner\;E:\web\mysql\mysql-5.7.16-winx64\bin;E:\软件\Git\Git\cmd;C:\Program Files (x86)\Windows Kits\10\Windows Performance Toolkit\;C:\Program Files\Microsoft SQL Server\130\Tools\Binn\;C:\Program Files (x86)\Microsoft SQL Server\140\Tools\Binn\;C:\Program Files\Microsoft SQL Server\140\Tools\Binn\;C:\Program Files (x86)\Microsoft SQL Server\140\DTS\Binn\;C:\Program Files\Microsoft SQL Server\140\DTS\Binn\;C:\Program Files\Microsoft SQL Server\Client SDK\ODBC\130\Tools\Binn\;C:\Program Files (x86)\Microsoft SQL Server\Client SDK\ODBC\130\Tools\Binn\;C:\Program Files (x86)\Microsoft SQL Server\140\Tools\Binn\ManagementStudio\;e:\software\quartus90\quartus\bin;E:\软件\Python\2.7.11;E:\软件\Python\3.5.1 x64\Scripts\;%USERPROFILE%\AppData\Local\Microsoft\WindowsApps;
USERNAME=libx
OS=Windows_NT
PROCESSOR_IDENTIFIER=Intel64 Family 6 Model 58 Stepping 9, GenuineIntel



---------------  S Y S T E M  ---------------

OS: Windows 10 , 64 bit Build 16299 (10.0.16299.15)

CPU:total 4 (initial active 4) (2 cores per cpu, 2 threads per core) family 6 model 58 stepping 9, cmov, cx8, fxsr, mmx, sse, sse2, sse3, ssse3, sse4.1, sse4.2, popcnt, avx, aes, clmul, erms, ht, tsc, tscinvbit, tscinv

Memory: 4k page, physical 8078120k(3365984k free), swap 8078120k(2307480k free)

vm_info: Java HotSpot(TM) 64-Bit Server VM (9+181) for windows-amd64 JRE (9+181), built on Aug  2 2017 21:30:51 by "javare" with MS VC++ 12.0 (VS2013)

END.
