#
# A fatal error has been detected by the Java Runtime Environment:
#
#  EXCEPTION_ACCESS_VIOLATION (0xc0000005) at pc=0x000000005938c160, pid=6596, tid=616
#
# JRE version: Java(TM) SE Runtime Environment (9.0+181) (build 9+181)
# Java VM: Java HotSpot(TM) 64-Bit Server VM (9+181, mixed mode, tiered, compressed oops, g1 gc, windows-amd64)
# Problematic frame:
# V  [jvm.dll+0x32c160]
#
# No core dump will be written. Minidumps are not enabled by default on client versions of Windows
#
# If you would like to submit a bug report, please visit:
#   http://bugreport.java.com/bugreport/crash.jsp
#

---------------  S U M M A R Y ------------

Command Line: -agentlib:jdwp=transport=dt_socket,address=127.0.0.1:57542,suspend=y,server=n -javaagent:C:\Users\libx\.IntelliJIdea2017.3\system\captureAgent\debugger-agent.jar=C:\Users\libx\AppData\Local\Temp\capture2.props -Dfile.encoding=UTF-8 dateprint.sec

Host: Intel(R) Core(TM) i5-3380M CPU @ 2.90GHz, 4 cores, 7G,  Windows 10 , 64 bit Build 16299 (10.0.16299.15)
Time: Wed Jan 03 21:32:37 2018 ?D1ú±ê×?ê±?? elapsed time: 897 seconds (0d 0h 14m 57s)

---------------  T H R E A D  ---------------

Current thread (0x000002b337b8b800):  VMThread "VM Thread" [stack: 0x000000cf7ad00000,0x000000cf7ae00000] [id=616]

Stack: [0x000000cf7ad00000,0x000000cf7ae00000],  sp=0x000000cf7adfe980,  free space=1018k
Native frames: (J=compiled Java code, j=interpreted, Vv=VM code, C=native code)
V  [jvm.dll+0x32c160]
V  [jvm.dll+0x327b08]
V  [jvm.dll+0x3423ef]
V  [jvm.dll+0x34560d]
V  [jvm.dll+0x296d00]
V  [jvm.dll+0x296df9]
V  [jvm.dll+0x2f8a21]
V  [jvm.dll+0x2f4dfa]
V  [jvm.dll+0x2f40b9]
V  [jvm.dll+0x2f3523]
V  [jvm.dll+0x5784cf]
V  [jvm.dll+0x5787dc]
V  [jvm.dll+0x578683]
V  [jvm.dll+0x578e7c]
V  [jvm.dll+0x54730a]
V  [jvm.dll+0x465551]
V  [jvm.dll+0x6a356b]
V  [jvm.dll+0x6a1d05]
V  [jvm.dll+0x6a24e1]
V  [jvm.dll+0x6a27cc]
V  [jvm.dll+0x586530]
C  [msvcr120.dll+0x24f7f]
C  [msvcr120.dll+0x25126]
C  [KERNEL32.DLL+0x11fe4]
C  [ntdll.dll+0x6ef91]


siginfo: EXCEPTION_ACCESS_VIOLATION (0xc0000005), reading address 0xffffffffffffffff


Register to memory mapping:

RIP=0x000000005938c160 jvm.dll
RAX=0x62756f4474655364 is an unknown value
RBX=0x000002b337b8b800 is an unknown value
RCX=0x00000001000016d0 is pointing into metadata
RDX=0x62756f4474655364 is an unknown value
RSP=0x000000cf7adfe980 is an unknown value
RBP=0x0000000000000003 is an unknown value
RSI=0x000000cf7adfea40 is an unknown value
RDI=0x0000000000000000 is an unknown value
R8 =0x000002b337b8b800 is an unknown value
R9 =0x62756f4474655364 is an unknown value
R10=0x0000000000000068 is an unknown value
R11=0x0000000000000068 is an unknown value
R12=0x000000cf7adff230 is an unknown value
R13=0x00000000000003d8 is an unknown value
R14=0x0000000000000054 is an unknown value
R15=0x0000000000000001 is an unknown value


Registers:
RAX=0x62756f4474655364, RBX=0x000002b337b8b800, RCX=0x00000001000016d0, RDX=0x62756f4474655364
RSP=0x000000cf7adfe980, RBP=0x0000000000000003, RSI=0x000000cf7adfea40, RDI=0x0000000000000000
R8 =0x000002b337b8b800, R9 =0x62756f4474655364, R10=0x0000000000000068, R11=0x0000000000000068
R12=0x000000cf7adff230, R13=0x00000000000003d8, R14=0x0000000000000054, R15=0x0000000000000001
RIP=0x000000005938c160, EFLAGS=0x0000000000010246

Top of Stack: (sp=0x000000cf7adfe980)
0x000000cf7adfe980:   00000001000016d0 000000005965fe1c
0x000000cf7adfe990:   00000000597fefc8 000002b337b8b800
0x000000cf7adfe9a0:   0000000000000000 0000000059387b08
0x000000cf7adfe9b0:   00000001000016d0 000002b337b8b800
0x000000cf7adfe9c0:   000000cf7adfea40 000002b337b8b800
0x000000cf7adfe9d0:   000000cf7adfeab0 00000000593a23ef
0x000000cf7adfe9e0:   000002b337b8b800 00000000595d89f8
0x000000cf7adfe9f0:   ffffffffffffffff 000000cf7adff000
0x000000cf7adfea00:   0000000000000000 000002b3372360f0
0x000000cf7adfea10:   000000cf7adfeab0 00000000593a560d
0x000000cf7adfea20:   000000004fffffff 000000cf7adfec10
0x000000cf7adfea30:   0000000000000054 00000000595d90e6
0x000000cf7adfea40:   0000000000000000 0000000000000000
0x000000cf7adfea50:   000002b337b8b800 000000cf7adfec10
0x000000cf7adfea60:   0000000000000000 00000000592f6d00
0x000000cf7adfea70:   000000cf7adfec00 000002b300000001 

Instructions: (pc=0x000000005938c160)
0x000000005938c140:   8b d8 e8 f9 84 d8 ff 48 83 7b 08 00 4c 8b c8 74
0x000000005938c150:   04 33 ff eb 23 80 3d b9 08 63 00 00 74 05 33 ff
0x000000005938c160:   89 78 0c 48 8d 4d fe 48 8d 78 10 48 85 c9 74 05
0x000000005938c170:   33 c0 f3 48 ab 49 8b f9 48 83 7b 08 00 48 8b 74 


VM_Operation (0x000000cf7b7ff5c0): GetOrSetLocal, mode: safepoint, requested by thread 0x000002b337e56000


---------------  P R O C E S S  ---------------

Java Threads: ( => current thread )
  0x000002b337e7e800 JavaThread "Service Thread" daemon [_thread_blocked, id=4384, stack(0x000000cf7ba00000,0x000000cf7bb00000)]
  0x000002b337e68800 JavaThread "JDWP Command Reader" daemon [_thread_in_native, id=10448, stack(0x000000cf7b900000,0x000000cf7ba00000)]
  0x000002b337e67800 JavaThread "JDWP Event Helper Thread" daemon [_thread_blocked, id=10932, stack(0x000000cf7b800000,0x000000cf7b900000)]
  0x000002b337e56000 JavaThread "JDWP Transport Listener: dt_socket" daemon [_thread_blocked, id=12828, stack(0x000000cf7b700000,0x000000cf7b800000)]
  0x000002b337ca8000 JavaThread "Common-Cleaner" daemon [_thread_blocked, id=14212, stack(0x000000cf7b600000,0x000000cf7b700000)]
  0x000002b337c6e800 JavaThread "Sweeper thread" daemon [_thread_blocked, id=7736, stack(0x000000cf7b500000,0x000000cf7b600000)]
  0x000002b337c6a000 JavaThread "C1 CompilerThread2" daemon [_thread_blocked, id=8636, stack(0x000000cf7b400000,0x000000cf7b500000)]
  0x000002b337c00800 JavaThread "C2 CompilerThread1" daemon [_thread_blocked, id=9112, stack(0x000000cf7b300000,0x000000cf7b400000)]
  0x000002b337bfd800 JavaThread "C2 CompilerThread0" daemon [_thread_blocked, id=1772, stack(0x000000cf7b200000,0x000000cf7b300000)]
  0x000002b337bf7800 JavaThread "Attach Listener" daemon [_thread_blocked, id=12020, stack(0x000000cf7b100000,0x000000cf7b200000)]
  0x000002b337bf6800 JavaThread "Signal Dispatcher" daemon [_thread_blocked, id=15292, stack(0x000000cf7b000000,0x000000cf7b100000)]
  0x000002b337b9a800 JavaThread "Finalizer" daemon [_thread_blocked, id=9640, stack(0x000000cf7af00000,0x000000cf7b000000)]
  0x000002b337b8e800 JavaThread "Reference Handler" daemon [_thread_blocked, id=12528, stack(0x000000cf7ae00000,0x000000cf7af00000)]
  0x000002b314605800 JavaThread "main" [_thread_blocked, id=8144, stack(0x000000cf7a100000,0x000000cf7a200000)]

Other Threads:
=>0x000002b337b8b800 VMThread "VM Thread" [stack: 0x000000cf7ad00000,0x000000cf7ae00000] [id=616]
  0x000002b337e94000 WatcherThread [stack: 0x000000cf7bb00000,0x000000cf7bc00000] [id=12024]
  0x000002b31461d800 GCTaskThread "GC Thread#0" [stack: 0x000000cf7a200000,0x000000cf7a300000] [id=4724]
  0x000002b31461f000 GCTaskThread "GC Thread#1" [stack: 0x000000cf7a300000,0x000000cf7a400000] [id=9848]
  0x000002b314622000 GCTaskThread "GC Thread#2" [stack: 0x000000cf7a400000,0x000000cf7a500000] [id=12868]
  0x000002b314623800 GCTaskThread "GC Thread#3" [stack: 0x000000cf7a500000,0x000000cf7a600000] [id=6292]
  0x000002b314693800 ConcurrentGCThread "G1 Main Marker" [stack: 0x000000cf7ab00000,0x000000cf7ac00000] [id=14940]
  0x000002b314697000 ConcurrentGCThread "G1 Marker#0" [stack: 0x000000cf7ac00000,0x000000cf7ad00000] [id=4892]
  0x000002b31462c800 ConcurrentGCThread "G1 Refine#0" [stack: 0x000000cf7a900000,0x000000cf7aa00000] [id=4752]
  0x000002b31462b000 ConcurrentGCThread "G1 Refine#1" [stack: 0x000000cf7a800000,0x000000cf7a900000] [id=6212]
  0x000002b31462a000 ConcurrentGCThread "G1 Refine#2" [stack: 0x000000cf7a700000,0x000000cf7a800000] [id=13836]
  0x000002b314628800 ConcurrentGCThread "G1 Refine#3" [stack: 0x000000cf7a600000,0x000000cf7a700000] [id=8220]
  0x000002b31462e000 ConcurrentGCThread "G1 Young RemSet Sampling" [stack: 0x000000cf7aa00000,0x000000cf7ab00000] [id=5920]

Threads with active compile tasks:

VM state:at safepoint (normal execution)

VM Mutex/Monitor currently owned by a thread:  ([mutex/lock_event])
[0x000002b314602f30] Threads_lock - owner thread: 0x000002b337b8b800

Heap address: 0x0000000084a00000, size: 1974 MB, Compressed Oops mode: 32-bit
Narrow klass base: 0x0000000000000000, Narrow klass shift: 3
Compressed class space size: 1073741824 Address: 0x0000000100000000

Heap:
 garbage-first heap   total 126976K, used 5120K [0x0000000084a00000, 0x0000000084b003e0, 0x0000000100000000)
  region size 1024K, 6 young (6144K), 0 survivors (0K)
 Metaspace       used 7262K, capacity 7526K, committed 7680K, reserved 1056768K
  class space    used 630K, capacity 687K, committed 768K, reserved 1048576K
Heap Regions: E=young(eden), S=young(survivor), O=old, HS=humongous(starts), HC=humongous(continues), CS=collection set, F=free, A=archive, TS=gc time stamp, AC=allocation context, TAMS=top-at-mark-start (previous, next)
|   0|0x0000000084a00000, 0x0000000084a00000, 0x0000000084b00000|  0%| F|  |TS  0|AC  0|TAMS 0x0000000084a00000, 0x0000000084a00000|
|   1|0x0000000084b00000, 0x0000000084b00000, 0x0000000084c00000|  0%| F|  |TS  0|AC  0|TAMS 0x0000000084b00000, 0x0000000084b00000|
|   2|0x0000000084c00000, 0x0000000084c00000, 0x0000000084d00000|  0%| F|  |TS  0|AC  0|TAMS 0x0000000084c00000, 0x0000000084c00000|
|   3|0x0000000084d00000, 0x0000000084d00000, 0x0000000084e00000|  0%| F|  |TS  0|AC  0|TAMS 0x0000000084d00000, 0x0000000084d00000|
|   4|0x0000000084e00000, 0x0000000084e00000, 0x0000000084f00000|  0%| F|  |TS  0|AC  0|TAMS 0x0000000084e00000, 0x0000000084e00000|
|   5|0x0000000084f00000, 0x0000000084f00000, 0x0000000085000000|  0%| F|  |TS  0|AC  0|TAMS 0x0000000084f00000, 0x0000000084f00000|
|   6|0x0000000085000000, 0x0000000085000000, 0x0000000085100000|  0%| F|  |TS  0|AC  0|TAMS 0x0000000085000000, 0x0000000085000000|
|   7|0x0000000085100000, 0x0000000085100000, 0x0000000085200000|  0%| F|  |TS  0|AC  0|TAMS 0x0000000085100000, 0x0000000085100000|
|   8|0x0000000085200000, 0x0000000085200000, 0x0000000085300000|  0%| F|  |TS  0|AC  0|TAMS 0x0000000085200000, 0x0000000085200000|
|   9|0x0000000085300000, 0x0000000085300000, 0x0000000085400000|  0%| F|  |TS  0|AC  0|TAMS 0x0000000085300000, 0x0000000085300000|
|  10|0x0000000085400000, 0x0000000085400000, 0x0000000085500000|  0%| F|  |TS  0|AC  0|TAMS 0x0000000085400000, 0x0000000085400000|
|  11|0x0000000085500000, 0x0000000085500000, 0x0000000085600000|  0%| F|  |TS  0|AC  0|TAMS 0x0000000085500000, 0x0000000085500000|
|  12|0x0000000085600000, 0x0000000085600000, 0x0000000085700000|  0%| F|  |TS  0|AC  0|TAMS 0x0000000085600000, 0x0000000085600000|
|  13|0x0000000085700000, 0x0000000085700000, 0x0000000085800000|  0%| F|  |TS  0|AC  0|TAMS 0x0000000085700000, 0x0000000085700000|
|  14|0x0000000085800000, 0x0000000085800000, 0x0000000085900000|  0%| F|  |TS  0|AC  0|TAMS 0x0000000085800000, 0x0000000085800000|
|  15|0x0000000085900000, 0x0000000085900000, 0x0000000085a00000|  0%| F|  |TS  0|AC  0|TAMS 0x0000000085900000, 0x0000000085900000|
|  16|0x0000000085a00000, 0x0000000085a00000, 0x0000000085b00000|  0%| F|  |TS  0|AC  0|TAMS 0x0000000085a00000, 0x0000000085a00000|
|  17|0x0000000085b00000, 0x0000000085b00000, 0x0000000085c00000|  0%| F|  |TS  0|AC  0|TAMS 0x0000000085b00000, 0x0000000085b00000|
|  18|0x0000000085c00000, 0x0000000085c00000, 0x0000000085d00000|  0%| F|  |TS  0|AC  0|TAMS 0x0000000085c00000, 0x0000000085c00000|
|  19|0x0000000085d00000, 0x0000000085d00000, 0x0000000085e00000|  0%| F|  |TS  0|AC  0|TAMS 0x0000000085d00000, 0x0000000085d00000|
|  20|0x0000000085e00000, 0x0000000085e00000, 0x0000000085f00000|  0%| F|  |TS  0|AC  0|TAMS 0x0000000085e00000, 0x0000000085e00000|
|  21|0x0000000085f00000, 0x0000000085f00000, 0x0000000086000000|  0%| F|  |TS  0|AC  0|TAMS 0x0000000085f00000, 0x0000000085f00000|
|  22|0x0000000086000000, 0x0000000086000000, 0x0000000086100000|  0%| F|  |TS  0|AC  0|TAMS 0x0000000086000000, 0x0000000086000000|
|  23|0x0000000086100000, 0x0000000086100000, 0x0000000086200000|  0%| F|  |TS  0|AC  0|TAMS 0x0000000086100000, 0x0000000086100000|
|  24|0x0000000086200000, 0x0000000086200000, 0x0000000086300000|  0%| F|  |TS  0|AC  0|TAMS 0x0000000086200000, 0x0000000086200000|
|  25|0x0000000086300000, 0x0000000086300000, 0x0000000086400000|  0%| F|  |TS  0|AC  0|TAMS 0x0000000086300000, 0x0000000086300000|
|  26|0x0000000086400000, 0x0000000086400000, 0x0000000086500000|  0%| F|  |TS  0|AC  0|TAMS 0x0000000086400000, 0x0000000086400000|
|  27|0x0000000086500000, 0x0000000086500000, 0x0000000086600000|  0%| F|  |TS  0|AC  0|TAMS 0x0000000086500000, 0x0000000086500000|
|  28|0x0000000086600000, 0x0000000086600000, 0x0000000086700000|  0%| F|  |TS  0|AC  0|TAMS 0x0000000086600000, 0x0000000086600000|
|  29|0x0000000086700000, 0x0000000086700000, 0x0000000086800000|  0%| F|  |TS  0|AC  0|TAMS 0x0000000086700000, 0x0000000086700000|
|  30|0x0000000086800000, 0x0000000086800000, 0x0000000086900000|  0%| F|  |TS  0|AC  0|TAMS 0x0000000086800000, 0x0000000086800000|
|  31|0x0000000086900000, 0x0000000086900000, 0x0000000086a00000|  0%| F|  |TS  0|AC  0|TAMS 0x0000000086900000, 0x0000000086900000|
|  32|0x0000000086a00000, 0x0000000086a00000, 0x0000000086b00000|  0%| F|  |TS  0|AC  0|TAMS 0x0000000086a00000, 0x0000000086a00000|
|  33|0x0000000086b00000, 0x0000000086b00000, 0x0000000086c00000|  0%| F|  |TS  0|AC  0|TAMS 0x0000000086b00000, 0x0000000086b00000|
|  34|0x0000000086c00000, 0x0000000086c00000, 0x0000000086d00000|  0%| F|  |TS  0|AC  0|TAMS 0x0000000086c00000, 0x0000000086c00000|
|  35|0x0000000086d00000, 0x0000000086d00000, 0x0000000086e00000|  0%| F|  |TS  0|AC  0|TAMS 0x0000000086d00000, 0x0000000086d00000|
|  36|0x0000000086e00000, 0x0000000086e00000, 0x0000000086f00000|  0%| F|  |TS  0|AC  0|TAMS 0x0000000086e00000, 0x0000000086e00000|
|  37|0x0000000086f00000, 0x0000000086f00000, 0x0000000087000000|  0%| F|  |TS  0|AC  0|TAMS 0x0000000086f00000, 0x0000000086f00000|
|  38|0x0000000087000000, 0x0000000087000000, 0x0000000087100000|  0%| F|  |TS  0|AC  0|TAMS 0x0000000087000000, 0x0000000087000000|
|  39|0x0000000087100000, 0x0000000087100000, 0x0000000087200000|  0%| F|  |TS  0|AC  0|TAMS 0x0000000087100000, 0x0000000087100000|
|  40|0x0000000087200000, 0x0000000087200000, 0x0000000087300000|  0%| F|  |TS  0|AC  0|TAMS 0x0000000087200000, 0x0000000087200000|
|  41|0x0000000087300000, 0x0000000087300000, 0x0000000087400000|  0%| F|  |TS  0|AC  0|TAMS 0x0000000087300000, 0x0000000087300000|
|  42|0x0000000087400000, 0x0000000087400000, 0x0000000087500000|  0%| F|  |TS  0|AC  0|TAMS 0x0000000087400000, 0x0000000087400000|
|  43|0x0000000087500000, 0x0000000087500000, 0x0000000087600000|  0%| F|  |TS  0|AC  0|TAMS 0x0000000087500000, 0x0000000087500000|
|  44|0x0000000087600000, 0x0000000087600000, 0x0000000087700000|  0%| F|  |TS  0|AC  0|TAMS 0x0000000087600000, 0x0000000087600000|
|  45|0x0000000087700000, 0x0000000087700000, 0x0000000087800000|  0%| F|  |TS  0|AC  0|TAMS 0x0000000087700000, 0x0000000087700000|
|  46|0x0000000087800000, 0x0000000087800000, 0x0000000087900000|  0%| F|  |TS  0|AC  0|TAMS 0x0000000087800000, 0x0000000087800000|
|  47|0x0000000087900000, 0x0000000087900000, 0x0000000087a00000|  0%| F|  |TS  0|AC  0|TAMS 0x0000000087900000, 0x0000000087900000|
|  48|0x0000000087a00000, 0x0000000087a00000, 0x0000000087b00000|  0%| F|  |TS  0|AC  0|TAMS 0x0000000087a00000, 0x0000000087a00000|
|  49|0x0000000087b00000, 0x0000000087b00000, 0x0000000087c00000|  0%| F|  |TS  0|AC  0|TAMS 0x0000000087b00000, 0x0000000087b00000|
|  50|0x0000000087c00000, 0x0000000087c00000, 0x0000000087d00000|  0%| F|  |TS  0|AC  0|TAMS 0x0000000087c00000, 0x0000000087c00000|
|  51|0x0000000087d00000, 0x0000000087d00000, 0x0000000087e00000|  0%| F|  |TS  0|AC  0|TAMS 0x0000000087d00000, 0x0000000087d00000|
|  52|0x0000000087e00000, 0x0000000087e00000, 0x0000000087f00000|  0%| F|  |TS  0|AC  0|TAMS 0x0000000087e00000, 0x0000000087e00000|
|  53|0x0000000087f00000, 0x0000000087f00000, 0x0000000088000000|  0%| F|  |TS  0|AC  0|TAMS 0x0000000087f00000, 0x0000000087f00000|
|  54|0x0000000088000000, 0x0000000088000000, 0x0000000088100000|  0%| F|  |TS  0|AC  0|TAMS 0x0000000088000000, 0x0000000088000000|
|  55|0x0000000088100000, 0x0000000088100000, 0x0000000088200000|  0%| F|  |TS  0|AC  0|TAMS 0x0000000088100000, 0x0000000088100000|
|  56|0x0000000088200000, 0x0000000088200000, 0x0000000088300000|  0%| F|  |TS  0|AC  0|TAMS 0x0000000088200000, 0x0000000088200000|
|  57|0x0000000088300000, 0x0000000088300000, 0x0000000088400000|  0%| F|  |TS  0|AC  0|TAMS 0x0000000088300000, 0x0000000088300000|
|  58|0x0000000088400000, 0x0000000088400000, 0x0000000088500000|  0%| F|  |TS  0|AC  0|TAMS 0x0000000088400000, 0x0000000088400000|
|  59|0x0000000088500000, 0x0000000088500000, 0x0000000088600000|  0%| F|  |TS  0|AC  0|TAMS 0x0000000088500000, 0x0000000088500000|
|  60|0x0000000088600000, 0x0000000088600000, 0x0000000088700000|  0%| F|  |TS  0|AC  0|TAMS 0x0000000088600000, 0x0000000088600000|
|  61|0x0000000088700000, 0x0000000088700000, 0x0000000088800000|  0%| F|  |TS  0|AC  0|TAMS 0x0000000088700000, 0x0000000088700000|
|  62|0x0000000088800000, 0x0000000088800000, 0x0000000088900000|  0%| F|  |TS  0|AC  0|TAMS 0x0000000088800000, 0x0000000088800000|
|  63|0x0000000088900000, 0x0000000088900000, 0x0000000088a00000|  0%| F|  |TS  0|AC  0|TAMS 0x0000000088900000, 0x0000000088900000|
|  64|0x0000000088a00000, 0x0000000088a00000, 0x0000000088b00000|  0%| F|  |TS  0|AC  0|TAMS 0x0000000088a00000, 0x0000000088a00000|
|  65|0x0000000088b00000, 0x0000000088b00000, 0x0000000088c00000|  0%| F|  |TS  0|AC  0|TAMS 0x0000000088b00000, 0x0000000088b00000|
|  66|0x0000000088c00000, 0x0000000088c00000, 0x0000000088d00000|  0%| F|  |TS  0|AC  0|TAMS 0x0000000088c00000, 0x0000000088c00000|
|  67|0x0000000088d00000, 0x0000000088d00000, 0x0000000088e00000|  0%| F|  |TS  0|AC  0|TAMS 0x0000000088d00000, 0x0000000088d00000|
|  68|0x0000000088e00000, 0x0000000088e00000, 0x0000000088f00000|  0%| F|  |TS  0|AC  0|TAMS 0x0000000088e00000, 0x0000000088e00000|
|  69|0x0000000088f00000, 0x0000000088f00000, 0x0000000089000000|  0%| F|  |TS  0|AC  0|TAMS 0x0000000088f00000, 0x0000000088f00000|
|  70|0x0000000089000000, 0x0000000089000000, 0x0000000089100000|  0%| F|  |TS  0|AC  0|TAMS 0x0000000089000000, 0x0000000089000000|
|  71|0x0000000089100000, 0x0000000089100000, 0x0000000089200000|  0%| F|  |TS  0|AC  0|TAMS 0x0000000089100000, 0x0000000089100000|
|  72|0x0000000089200000, 0x0000000089200000, 0x0000000089300000|  0%| F|  |TS  0|AC  0|TAMS 0x0000000089200000, 0x0000000089200000|
|  73|0x0000000089300000, 0x0000000089300000, 0x0000000089400000|  0%| F|  |TS  0|AC  0|TAMS 0x0000000089300000, 0x0000000089300000|
|  74|0x0000000089400000, 0x0000000089400000, 0x0000000089500000|  0%| F|  |TS  0|AC  0|TAMS 0x0000000089400000, 0x0000000089400000|
|  75|0x0000000089500000, 0x0000000089500000, 0x0000000089600000|  0%| F|  |TS  0|AC  0|TAMS 0x0000000089500000, 0x0000000089500000|
|  76|0x0000000089600000, 0x0000000089600000, 0x0000000089700000|  0%| F|  |TS  0|AC  0|TAMS 0x0000000089600000, 0x0000000089600000|
|  77|0x0000000089700000, 0x0000000089700000, 0x0000000089800000|  0%| F|  |TS  0|AC  0|TAMS 0x0000000089700000, 0x0000000089700000|
|  78|0x0000000089800000, 0x0000000089800000, 0x0000000089900000|  0%| F|  |TS  0|AC  0|TAMS 0x0000000089800000, 0x0000000089800000|
|  79|0x0000000089900000, 0x0000000089900000, 0x0000000089a00000|  0%| F|  |TS  0|AC  0|TAMS 0x0000000089900000, 0x0000000089900000|
|  80|0x0000000089a00000, 0x0000000089a00000, 0x0000000089b00000|  0%| F|  |TS  0|AC  0|TAMS 0x0000000089a00000, 0x0000000089a00000|
|  81|0x0000000089b00000, 0x0000000089b00000, 0x0000000089c00000|  0%| F|  |TS  0|AC  0|TAMS 0x0000000089b00000, 0x0000000089b00000|
|  82|0x0000000089c00000, 0x0000000089c00000, 0x0000000089d00000|  0%| F|  |TS  0|AC  0|TAMS 0x0000000089c00000, 0x0000000089c00000|
|  83|0x0000000089d00000, 0x0000000089d00000, 0x0000000089e00000|  0%| F|  |TS  0|AC  0|TAMS 0x0000000089d00000, 0x0000000089d00000|
|  84|0x0000000089e00000, 0x0000000089e00000, 0x0000000089f00000|  0%| F|  |TS  0|AC  0|TAMS 0x0000000089e00000, 0x0000000089e00000|
|  85|0x0000000089f00000, 0x0000000089f00000, 0x000000008a000000|  0%| F|  |TS  0|AC  0|TAMS 0x0000000089f00000, 0x0000000089f00000|
|  86|0x000000008a000000, 0x000000008a000000, 0x000000008a100000|  0%| F|  |TS  0|AC  0|TAMS 0x000000008a000000, 0x000000008a000000|
|  87|0x000000008a100000, 0x000000008a100000, 0x000000008a200000|  0%| F|  |TS  0|AC  0|TAMS 0x000000008a100000, 0x000000008a100000|
|  88|0x000000008a200000, 0x000000008a200000, 0x000000008a300000|  0%| F|  |TS  0|AC  0|TAMS 0x000000008a200000, 0x000000008a200000|
|  89|0x000000008a300000, 0x000000008a300000, 0x000000008a400000|  0%| F|  |TS  0|AC  0|TAMS 0x000000008a300000, 0x000000008a300000|
|  90|0x000000008a400000, 0x000000008a400000, 0x000000008a500000|  0%| F|  |TS  0|AC  0|TAMS 0x000000008a400000, 0x000000008a400000|
|  91|0x000000008a500000, 0x000000008a500000, 0x000000008a600000|  0%| F|  |TS  0|AC  0|TAMS 0x000000008a500000, 0x000000008a500000|
|  92|0x000000008a600000, 0x000000008a600000, 0x000000008a700000|  0%| F|  |TS  0|AC  0|TAMS 0x000000008a600000, 0x000000008a600000|
|  93|0x000000008a700000, 0x000000008a700000, 0x000000008a800000|  0%| F|  |TS  0|AC  0|TAMS 0x000000008a700000, 0x000000008a700000|
|  94|0x000000008a800000, 0x000000008a800000, 0x000000008a900000|  0%| F|  |TS  0|AC  0|TAMS 0x000000008a800000, 0x000000008a800000|
|  95|0x000000008a900000, 0x000000008a900000, 0x000000008aa00000|  0%| F|  |TS  0|AC  0|TAMS 0x000000008a900000, 0x000000008a900000|
|  96|0x000000008aa00000, 0x000000008aa00000, 0x000000008ab00000|  0%| F|  |TS  0|AC  0|TAMS 0x000000008aa00000, 0x000000008aa00000|
|  97|0x000000008ab00000, 0x000000008ab00000, 0x000000008ac00000|  0%| F|  |TS  0|AC  0|TAMS 0x000000008ab00000, 0x000000008ab00000|
|  98|0x000000008ac00000, 0x000000008ac00000, 0x000000008ad00000|  0%| F|  |TS  0|AC  0|TAMS 0x000000008ac00000, 0x000000008ac00000|
|  99|0x000000008ad00000, 0x000000008ad00000, 0x000000008ae00000|  0%| F|  |TS  0|AC  0|TAMS 0x000000008ad00000, 0x000000008ad00000|
| 100|0x000000008ae00000, 0x000000008ae00000, 0x000000008af00000|  0%| F|  |TS  0|AC  0|TAMS 0x000000008ae00000, 0x000000008ae00000|
| 101|0x000000008af00000, 0x000000008af00000, 0x000000008b000000|  0%| F|  |TS  0|AC  0|TAMS 0x000000008af00000, 0x000000008af00000|
| 102|0x000000008b000000, 0x000000008b000000, 0x000000008b100000|  0%| F|  |TS  0|AC  0|TAMS 0x000000008b000000, 0x000000008b000000|
| 103|0x000000008b100000, 0x000000008b100000, 0x000000008b200000|  0%| F|  |TS  0|AC  0|TAMS 0x000000008b100000, 0x000000008b100000|
| 104|0x000000008b200000, 0x000000008b200000, 0x000000008b300000|  0%| F|  |TS  0|AC  0|TAMS 0x000000008b200000, 0x000000008b200000|
| 105|0x000000008b300000, 0x000000008b300000, 0x000000008b400000|  0%| F|  |TS  0|AC  0|TAMS 0x000000008b300000, 0x000000008b300000|
| 106|0x000000008b400000, 0x000000008b400000, 0x000000008b500000|  0%| F|  |TS  0|AC  0|TAMS 0x000000008b400000, 0x000000008b400000|
| 107|0x000000008b500000, 0x000000008b500000, 0x000000008b600000|  0%| F|  |TS  0|AC  0|TAMS 0x000000008b500000, 0x000000008b500000|
| 108|0x000000008b600000, 0x000000008b600000, 0x000000008b700000|  0%| F|  |TS  0|AC  0|TAMS 0x000000008b600000, 0x000000008b600000|
| 109|0x000000008b700000, 0x000000008b700000, 0x000000008b800000|  0%| F|  |TS  0|AC  0|TAMS 0x000000008b700000, 0x000000008b700000|
| 110|0x000000008b800000, 0x000000008b800000, 0x000000008b900000|  0%| F|  |TS  0|AC  0|TAMS 0x000000008b800000, 0x000000008b800000|
| 111|0x000000008b900000, 0x000000008b900000, 0x000000008ba00000|  0%| F|  |TS  0|AC  0|TAMS 0x000000008b900000, 0x000000008b900000|
| 112|0x000000008ba00000, 0x000000008ba00000, 0x000000008bb00000|  0%| F|  |TS  0|AC  0|TAMS 0x000000008ba00000, 0x000000008ba00000|
| 113|0x000000008bb00000, 0x000000008bb00000, 0x000000008bc00000|  0%| F|  |TS  0|AC  0|TAMS 0x000000008bb00000, 0x000000008bb00000|
| 114|0x000000008bc00000, 0x000000008bc00000, 0x000000008bd00000|  0%| F|  |TS  0|AC  0|TAMS 0x000000008bc00000, 0x000000008bc00000|
| 115|0x000000008bd00000, 0x000000008bd00000, 0x000000008be00000|  0%| F|  |TS  0|AC  0|TAMS 0x000000008bd00000, 0x000000008bd00000|
| 116|0x000000008be00000, 0x000000008be00000, 0x000000008bf00000|  0%| F|  |TS  0|AC  0|TAMS 0x000000008be00000, 0x000000008be00000|
| 117|0x000000008bf00000, 0x000000008bf00000, 0x000000008c000000|  0%| F|  |TS  0|AC  0|TAMS 0x000000008bf00000, 0x000000008bf00000|
| 118|0x000000008c000000, 0x000000008c0de318, 0x000000008c100000| 86%| E|  |TS  0|AC  0|TAMS 0x000000008c000000, 0x000000008c000000|
| 119|0x000000008c100000, 0x000000008c200000, 0x000000008c200000|100%| E|CS|TS  0|AC  0|TAMS 0x000000008c100000, 0x000000008c100000|
| 120|0x000000008c200000, 0x000000008c300000, 0x000000008c300000|100%| E|CS|TS  0|AC  0|TAMS 0x000000008c200000, 0x000000008c200000|
| 121|0x000000008c300000, 0x000000008c400000, 0x000000008c400000|100%| E|CS|TS  0|AC  0|TAMS 0x000000008c300000, 0x000000008c300000|
| 122|0x000000008c400000, 0x000000008c500000, 0x000000008c500000|100%| E|CS|TS  0|AC  0|TAMS 0x000000008c400000, 0x000000008c400000|
| 123|0x000000008c500000, 0x000000008c600000, 0x000000008c600000|100%| E|CS|TS  0|AC  0|TAMS 0x000000008c500000, 0x000000008c500000|

Card table byte_map: [0x000002b330770000,0x000002b330b50000] byte_map_base: 0x000002b33034b000

Marking Bits (Prev, Next): (CMBitMap*) 0x000002b314692ff0, (CMBitMap*) 0x000002b314693028
 Prev Bits: [0x000002b330f30000, 0x000002b332e08000)
 Next Bits: [0x000002b332e10000, 0x000002b334ce8000)

Polling page: 0x000002b312490000

CodeHeap 'non-profiled nmethods': size=120064Kb used=112Kb max_used=112Kb free=119951Kb
 bounds [0x000002b328450000, 0x000002b3286c0000, 0x000002b32f990000]
CodeHeap 'profiled nmethods': size=120000Kb used=596Kb max_used=596Kb free=119403Kb
 bounds [0x000002b320f20000, 0x000002b321190000, 0x000002b328450000]
CodeHeap 'non-nmethods': size=5696Kb used=1200Kb max_used=1212Kb free=4495Kb
 bounds [0x000002b320990000, 0x000002b320c00000, 0x000002b320f20000]
 total_blobs=817 nmethods=394 adapters=262
 compilation: enabled

Compilation events (10 events):
Event: 4.364 Thread 0x000002b337c6a000  389       3       sun.util.locale.LocaleObjectCache::cleanStaleEntries (33 bytes)
Event: 4.364 Thread 0x000002b337c6a000 nmethod 389 0x000002b320fb3190 code [0x000002b320fb33a0, 0x000002b320fb3aa0]
Event: 4.364 Thread 0x000002b337c6a000  390       3       sun.util.locale.LocaleObjectCache$CacheEntry::<init> (12 bytes)
Event: 4.364 Thread 0x000002b337c6a000 nmethod 390 0x000002b320fb3d10 code [0x000002b320fb3ee0, 0x000002b320fb42f8]
Event: 4.364 Thread 0x000002b337c6a000  391       3       sun.util.locale.InternalLocaleBuilder::clearExtensions (50 bytes)
Event: 4.365 Thread 0x000002b337c6a000 nmethod 391 0x000002b320fb4410 code [0x000002b320fb4600, 0x000002b320fb4a70]
Event: 4.365 Thread 0x000002b337c6a000  381       1       sun.util.locale.BaseLocale$Key::access$400 (5 bytes)
Event: 4.365 Thread 0x000002b337c6a000 nmethod 381 0x000002b32846be90 code [0x000002b32846c040, 0x000002b32846c138]
Event: 4.365 Thread 0x000002b337c6a000  392       3       sun.util.locale.LocaleUtils::isEmpty (19 bytes)
Event: 4.365 Thread 0x000002b337c6a000 nmethod 392 0x000002b320fb4b90 code [0x000002b320fb4d40, 0x000002b320fb4fd0]

GC Heap History (0 events):
No events

Deoptimization events (1 events):
Event: 0.271 Thread 0x000002b314605800 Uncommon trap: reason=unstable_if action=reinterpret pc=0x000002b328455088 method=java.lang.String.hashCode()I @ 22 c2

Classes redefined (8 events):
Event: 443.958 Thread 0x000002b337b8b800 redefined class name=dateprint.sec, count=1
Event: 443.958 Thread 0x000002b337b8b800 redefined class name=dateprint.CalendarList, count=1
Event: 597.104 Thread 0x000002b337b8b800 redefined class name=dateprint.sec, count=2
Event: 597.104 Thread 0x000002b337b8b800 redefined class name=dateprint.CalendarList, count=2
Event: 690.294 Thread 0x000002b337b8b800 redefined class name=dateprint.sec, count=3
Event: 690.295 Thread 0x000002b337b8b800 redefined class name=dateprint.CalendarList, count=3
Event: 897.121 Thread 0x000002b337b8b800 redefined class name=dateprint.sec, count=4
Event: 897.122 Thread 0x000002b337b8b800 redefined class name=dateprint.CalendarList, count=4

Internal exceptions (2 events):
Event: 0.468 Thread 0x000002b314605800 Exception <a 'java/lang/NoSuchMethodError'{0x000000008c2f7d00}: java.lang.Object.lambda$negate$3(I)Z> (0x000000008c2f7d00) thrown at [c:/workspace/9-2-build-windows-amd64-cygwin-phase2/jdk9/6725/hotspot/src/share/vm/interpreter/linkResolver.cpp, line 731]
Event: 0.469 Thread 0x000002b314605800 Exception <a 'java/lang/NoSuchMethodError'{0x000000008c2fb150}: java.lang.Object.lambda$and$0(Ljava/util/regex/Pattern$CharPredicate;I)Z> (0x000000008c2fb150) thrown at [c:/workspace/9-2-build-windows-amd64-cygwin-phase2/jdk9/6725/hotspot/src/share/vm/int

Events (10 events):
Event: 897.123 Executing VM operation: RedefineClasses done
Event: 897.124 Executing VM operation: GetFrameCount
Event: 897.124 Executing VM operation: GetFrameCount done
Event: 897.124 Executing VM operation: GetFrameCount
Event: 897.124 Executing VM operation: GetFrameCount done
Event: 897.124 Executing VM operation: GetFrameLocation
Event: 897.124 Executing VM operation: GetFrameLocation done
Event: 897.124 Executing VM operation: GetFrameLocation
Event: 897.124 Executing VM operation: GetFrameLocation done
Event: 897.124 Executing VM operation: GetOrSetLocal


Dynamic libraries:
0x00007ff6bacb0000 - 0x00007ff6bacee000 	C:\Program Files\Java\jdk-9\bin\java.exe
0x00007ffaf96e0000 - 0x00007ffaf98c0000 	C:\WINDOWS\SYSTEM32\ntdll.dll
0x00007ffaf9480000 - 0x00007ffaf952e000 	C:\WINDOWS\System32\KERNEL32.DLL
0x00007ffaf5f50000 - 0x00007ffaf61b6000 	C:\WINDOWS\System32\KERNELBASE.dll
0x00007ffaf6c50000 - 0x00007ffaf6cf1000 	C:\WINDOWS\System32\ADVAPI32.dll
0x00007ffaf8c50000 - 0x00007ffaf8ced000 	C:\WINDOWS\System32\msvcrt.dll
0x00007ffaf93f0000 - 0x00007ffaf944b000 	C:\WINDOWS\System32\sechost.dll
0x00007ffaf9010000 - 0x00007ffaf912f000 	C:\WINDOWS\System32\RPCRT4.dll
0x00007ffaf9130000 - 0x00007ffaf92bf000 	C:\WINDOWS\System32\USER32.dll
0x00007ffaf5ae0000 - 0x00007ffaf5b00000 	C:\WINDOWS\System32\win32u.dll
0x00007ffaf9450000 - 0x00007ffaf9478000 	C:\WINDOWS\System32\GDI32.dll
0x00007ffaf6910000 - 0x00007ffaf6aa3000 	C:\WINDOWS\System32\gdi32full.dll
0x00007ffaf5cd0000 - 0x00007ffaf5d6b000 	C:\WINDOWS\System32\msvcp_win.dll
0x00007ffaf6ab0000 - 0x00007ffaf6ba6000 	C:\WINDOWS\System32\ucrtbase.dll
0x00007ffae5ba0000 - 0x00007ffae5e09000 	C:\WINDOWS\WinSxS\amd64_microsoft.windows.common-controls_6595b64144ccf1df_6.0.16299.125_none_15cbcf8893620c09\COMCTL32.dll
0x00007ffae6f80000 - 0x00007ffae6f8a000 	C:\WINDOWS\SYSTEM32\VERSION.dll
0x00007ffaf6d00000 - 0x00007ffaf7008000 	C:\WINDOWS\System32\combase.dll
0x00007ffaf5ed0000 - 0x00007ffaf5f42000 	C:\WINDOWS\System32\bcryptPrimitives.dll
0x00007ffaf7740000 - 0x00007ffaf776d000 	C:\WINDOWS\System32\IMM32.DLL
0x00007ffae84b0000 - 0x00007ffae859f000 	C:\Program Files\Java\jdk-9\bin\msvcr120.dll
0x00007ffae8400000 - 0x00007ffae84a6000 	C:\Program Files\Java\jdk-9\bin\msvcp120.dll
0x0000000059060000 - 0x0000000059a8a000 	C:\Program Files\Java\jdk-9\bin\server\jvm.dll
0x00007ffaf9590000 - 0x00007ffaf9598000 	C:\WINDOWS\System32\PSAPI.DLL
0x00007ffaf2820000 - 0x00007ffaf2829000 	C:\WINDOWS\SYSTEM32\WSOCK32.dll
0x00007ffaf76d0000 - 0x00007ffaf773c000 	C:\WINDOWS\System32\WS2_32.dll
0x00007ffaf1b90000 - 0x00007ffaf1bb3000 	C:\WINDOWS\SYSTEM32\WINMM.dll
0x00007ffaf1b60000 - 0x00007ffaf1b8a000 	C:\WINDOWS\SYSTEM32\winmmbase.dll
0x00007ffaf5d70000 - 0x00007ffaf5dba000 	C:\WINDOWS\System32\cfgmgr32.dll
0x00007ffaf2830000 - 0x00007ffaf283f000 	C:\Program Files\Java\jdk-9\bin\verify.dll
0x00007ffaf0f40000 - 0x00007ffaf0f67000 	C:\Program Files\Java\jdk-9\bin\java.dll
0x00007ffaeb890000 - 0x00007ffaeb8c6000 	C:\Program Files\Java\jdk-9\bin\jdwp.dll
0x00007ffae83d0000 - 0x00007ffae83fa000 	C:\Program Files\Java\jdk-9\bin\instrument.dll
0x00007ffaf0f20000 - 0x00007ffaf0f36000 	C:\Program Files\Java\jdk-9\bin\zip.dll
0x00007ffaf0f10000 - 0x00007ffaf0f1a000 	C:\Program Files\Java\jdk-9\bin\jimage.dll
0x00007ffaf77f0000 - 0x00007ffaf8c26000 	C:\WINDOWS\System32\SHELL32.dll
0x00007ffaf74d0000 - 0x00007ffaf7576000 	C:\WINDOWS\System32\shcore.dll
0x00007ffaf61c0000 - 0x00007ffaf6907000 	C:\WINDOWS\System32\windows.storage.dll
0x00007ffaf7470000 - 0x00007ffaf74c1000 	C:\WINDOWS\System32\shlwapi.dll
0x00007ffaf5aa0000 - 0x00007ffaf5ab1000 	C:\WINDOWS\System32\kernel.appcore.dll
0x00007ffaf5a50000 - 0x00007ffaf5a9c000 	C:\WINDOWS\System32\powrprof.dll
0x00007ffaf5ac0000 - 0x00007ffaf5adb000 	C:\WINDOWS\System32\profapi.dll
0x00007ffaf0a40000 - 0x00007ffaf0a5a000 	C:\Program Files\Java\jdk-9\bin\net.dll
0x00007ffaf1120000 - 0x00007ffaf11fe000 	C:\WINDOWS\SYSTEM32\WINHTTP.dll
0x00007ffaf5290000 - 0x00007ffaf52f6000 	C:\WINDOWS\system32\mswsock.dll
0x00007ffaf09f0000 - 0x00007ffaf0a01000 	C:\Program Files\Java\jdk-9\bin\nio.dll
0x00007ffaee340000 - 0x00007ffaee34a000 	C:\Program Files\Java\jdk-9\bin\dt_socket.dll
0x00007ffae6db0000 - 0x00007ffae6f78000 	C:\WINDOWS\SYSTEM32\dbghelp.dll

VM Arguments:
jvm_args: -agentlib:jdwp=transport=dt_socket,address=127.0.0.1:57542,suspend=y,server=n -javaagent:C:\Users\libx\.IntelliJIdea2017.3\system\captureAgent\debugger-agent.jar=C:\Users\libx\AppData\Local\Temp\capture2.props -Dfile.encoding=UTF-8 
java_command: dateprint.sec
java_class_path (initial): E:\程序\Java homework\out\production\Java homework;E:\软件\IDEA\IntelliJ IDEA 2017.3\lib\idea_rt.jar
Launcher Type: SUN_STANDARD

Logging:
Log output configuration:
#0: stdout all=warning uptime,level,tags
#1: stderr all=off uptime,level,tags

Environment Variables:
PATH=C:\Program Files\Microsoft MPI\Bin\;C:\ProgramData\Oracle\Java\javapath;C:\Program Files (x86)\Common Files\Intel\Shared Files\cpp\bin\Intel64;E:\软件\Python\3.5.1 x64;E;\软件\Python\2.7.11;S;ripts;C:\WINDOWS\system32;C:\WINDOWS;C:\WINDOWS\System32\Wbem;C:\WINDOWS\System32\WindowsPowerShell\v1.0\;C:\Program Files (x86)\Microsoft SQL Server\100\Tools\Binn\;C:\Program Files\Microsoft SQL Server\100\Tools\Binn\;C:\Program Files\Microsoft SQL Server\100\DTS\Binn\;E:\软件\QuickTime\QTSystem\;C;\Program Files\Common Files\Autodesk Shared\;C:\Program Files (x86)\Autodesk\Backburner\;E:\web\mysql\mysql-5.7.16-winx64\bin;E:\软件\Git\Git\cmd;C:\Program Files (x86)\Windows Kits\10\Windows Performance Toolkit\;C:\Program Files\Microsoft SQL Server\130\Tools\Binn\;C:\Program Files (x86)\Microsoft SQL Server\140\Tools\Binn\;C:\Program Files\Microsoft SQL Server\140\Tools\Binn\;C:\Program Files (x86)\Microsoft SQL Server\140\DTS\Binn\;C:\Program Files\Microsoft SQL Server\140\DTS\Binn\;C:\Program Files\Microsoft SQL Server\Client SDK\ODBC\130\Tools\Binn\;C:\Program Files (x86)\Microsoft SQL Server\Client SDK\ODBC\130\Tools\Binn\;C:\Program Files (x86)\Microsoft SQL Server\140\Tools\Binn\ManagementStudio\;e:\software\quartus90\quartus\bin;E:\软件\Python\2.7.11;E:\软件\Python\3.5.1 x64\Scripts\;%USERPROFILE%\AppData\Local\Microsoft\WindowsApps;
USERNAME=libx
OS=Windows_NT
PROCESSOR_IDENTIFIER=Intel64 Family 6 Model 58 Stepping 9, GenuineIntel



---------------  S Y S T E M  ---------------

OS: Windows 10 , 64 bit Build 16299 (10.0.16299.15)

CPU:total 4 (initial active 4) (2 cores per cpu, 2 threads per core) family 6 model 58 stepping 9, cmov, cx8, fxsr, mmx, sse, sse2, sse3, ssse3, sse4.1, sse4.2, popcnt, avx, aes, clmul, erms, ht, tsc, tscinvbit, tscinv

Memory: 4k page, physical 8078120k(3391476k free), swap 8078120k(2511396k free)

vm_info: Java HotSpot(TM) 64-Bit Server VM (9+181) for windows-amd64 JRE (9+181), built on Aug  2 2017 21:30:51 by "javare" with MS VC++ 12.0 (VS2013)

END.
